<?xml version="1.0" encoding="UTF-8"?>
<!-- Generated by org.testng.reporters.JUnitReportReporter -->
<testsuite hostname="LAPTOP-P6IB69AV" failures="0" tests="1" name="com.autodns.Tests" time="1.583" errors="0" timestamp="04 июн. 2023 11:58:15 GMT" skipped="0">
  <testcase classname="com.autodns.Tests" name="checkCountOfTagsTest" time="1.583"/>
</testsuite> <!-- com.autodns.Tests -->
