<?xml version="1.0" encoding="UTF-8"?>
<!-- Generated by org.testng.reporters.JUnitReportReporter -->
<testsuite hostname="LAPTOP-P6IB69AV" failures="0" tests="1" name="com.autodns.Tests" time="4.018" errors="0" timestamp="29 апр. 2023 08:30:16 GMT" skipped="0">
  <testcase classname="com.autodns.Tests" name="checkCountOfTagsTest" time="4.018"/>
</testsuite> <!-- com.autodns.Tests -->
