<?xml version="1.0" encoding="UTF-8"?>
<!-- Generated by org.testng.reporters.JUnitReportReporter -->
<testsuite hostname="LAPTOP-P6IB69AV" failures="0" tests="4" name="in.reqres.TestsApi" time="0.931" errors="0" timestamp="04 июн. 2023 11:58:15 GMT" skipped="0">
  <testcase classname="in.reqres.TestsApi" name="listResourcesSortedTest" time="0.118"/>
  <testcase classname="in.reqres.TestsApi" name="getUsersListAndCheckUniqueFilesTest" time="0.288"/>
  <testcase classname="in.reqres.TestsApi" name="loginSuccessTest" time="0.268"/>
  <testcase classname="in.reqres.TestsApi" name="loginUnsuccessfulTest" time="0.257"/>
</testsuite> <!-- in.reqres.TestsApi -->
