<?xml version="1.0" encoding="UTF-8"?>
<!-- Generated by org.testng.reporters.JUnitReportReporter -->
<testsuite hostname="LAPTOP-P6IB69AV" failures="0" tests="4" name="in.reqres.TestsApi" time="4.226" errors="0" timestamp="29 апр. 2023 08:30:16 GMT" skipped="0">
  <testcase classname="in.reqres.TestsApi" name="listResourcesSortedTest" time="1.067"/>
  <testcase classname="in.reqres.TestsApi" name="getUsersListAndCheckUniqueFilesTest" time="1.428"/>
  <testcase classname="in.reqres.TestsApi" name="loginSuccessTest" time="0.919"/>
  <testcase classname="in.reqres.TestsApi" name="loginUnsuccessfulTest" time="0.812"/>
</testsuite> <!-- in.reqres.TestsApi -->
